<?xml version="1.0" encoding="UTF-8"?>
<!-- Generated by org.testng.reporters.JUnitReportReporter -->
<testsuite skipped="0" hostname="LAPTOP-FET714UI" name="testCases.profile_TestCases" tests="1" failures="0" timestamp="2021-04-20T19:13:42 IST" time="6.125" errors="0">
  <testcase name="Profile" time="6.125" classname="testCases.profile_TestCases"/>
  <system-out/>
</testsuite> <!-- testCases.profile_TestCases -->
