<?xml version="1.0" encoding="UTF-8"?>
<!-- Generated by org.testng.reporters.JUnitReportReporter -->
<testsuite skipped="0" hostname="LAPTOP-FET714UI" name="com.testCases.withdrawal_TestCases" tests="1" failures="0" timestamp="2021-05-13T08:13:17 IST" time="4.088" errors="0">
  <testcase name="Withdrawal" time="4.088" classname="com.testCases.withdrawal_TestCases"/>
  <system-out/>
</testsuite> <!-- com.testCases.withdrawal_TestCases -->
