<?xml version="1.0" encoding="UTF-8"?>
<!-- Generated by org.testng.reporters.JUnitReportReporter -->
<testsuite skipped="0" hostname="LAPTOP-FET714UI" name="com.DB.DbConnection" tests="1" failures="0" timestamp="2021-05-22T23:11:36 IST" time="1.270" errors="0">
  <testcase name="mm2" time="1.270" classname="com.DB.DbConnection"/>
  <system-out/>
</testsuite> <!-- com.DB.DbConnection -->
