<?xml version="1.0" encoding="UTF-8"?>
<!-- Generated by org.testng.reporters.JUnitReportReporter -->
<testsuite skipped="0" hostname="LAPTOP-FET714UI" name="com.DB.jdbcConnection" tests="1" failures="0" timestamp="2021-05-22T23:24:27 IST" time="1.121" errors="0">
  <testcase name="m" time="1.121" classname="com.DB.jdbcConnection"/>
  <system-out/>
</testsuite> <!-- com.DB.jdbcConnection -->
