<?xml version="1.0" encoding="UTF-8"?>
<!-- Generated by org.testng.reporters.JUnitReportReporter -->
<testsuite skipped="0" hostname="LAPTOP-FET714UI" name="com.testCases.BO2_TestCases" tests="1" failures="0" timestamp="2021-08-13T13:02:36 IST" time="28.919" errors="0">
  <testcase name="Join201Cash" time="28.919" classname="com.testCases.BO2_TestCases"/>
  <system-out/>
</testsuite> <!-- com.testCases.BO2_TestCases -->
