<?xml version="1.0" encoding="UTF-8"?>
<!-- Generated by org.testng.reporters.JUnitReportReporter -->
<testsuite skipped="0" hostname="LAPTOP-FET714UI" name="com.Practice.extentReport" tests="1" failures="0" timestamp="2021-05-23T23:29:41 IST" time="4.109" errors="0">
  <testcase name="test" time="4.109" classname="com.Practice.extentReport"/>
  <system-out/>
</testsuite> <!-- com.Practice.extentReport -->
