<?xml version="1.0" encoding="UTF-8"?>
<!-- Generated by org.testng.reporters.JUnitReportReporter -->
<testsuite skipped="0" hostname="LAPTOP-FET714UI" name="com.Practice.substringOccurance" tests="1" failures="0" timestamp="2021-06-25T12:09:21 IST" time="0.012" errors="0">
  <testcase name="f1" time="0.012" classname="com.Practice.substringOccurance"/>
  <system-out/>
</testsuite> <!-- com.Practice.substringOccurance -->
