<?xml version="1.0" encoding="UTF-8"?>
<!-- Generated by org.testng.reporters.JUnitReportReporter -->
<testsuite skipped="0" hostname="LAPTOP-FET714UI" name="com.testCases.BO3_TestCases" tests="1" failures="0" timestamp="2021-08-13T13:05:00 IST" time="27.073" errors="0">
  <testcase name="Join201Cash" time="27.073" classname="com.testCases.BO3_TestCases"/>
  <system-out/>
</testsuite> <!-- com.testCases.BO3_TestCases -->
