<?xml version="1.0" encoding="UTF-8"?>
<!-- Generated by org.testng.reporters.JUnitReportReporter -->
<testsuite skipped="0" hostname="LAPTOP-FET714UI" name="com.DB.jdbcConnection" tests="1" failures="0" timestamp="2021-08-10T23:38:34 IST" time="1.574" errors="0">
  <testcase name="m" time="1.574" classname="com.DB.jdbcConnection"/>
  <system-out/>
</testsuite> <!-- com.DB.jdbcConnection -->
