<?xml version="1.0" encoding="UTF-8"?>
<!-- Generated by org.testng.reporters.JUnitReportReporter -->
<testsuite skipped="0" hostname="LAPTOP-FET714UI" name="com.Practice.testSample" tests="1" failures="0" timestamp="2021-05-21T00:49:19 IST" time="0.852" errors="0">
  <testcase name="f" time="0.852" classname="com.Practice.testSample"/>
  <system-out/>
</testsuite> <!-- com.Practice.testSample -->
