<?xml version="1.0" encoding="UTF-8"?>
<!-- Generated by org.testng.reporters.JUnitReportReporter -->
<testsuite skipped="0" hostname="LAPTOP-FET714UI" name="com.testCases.Join201_TestCases" tests="1" failures="0" timestamp="2021-07-16T15:21:14 IST" time="26.717" errors="0">
  <testcase name="test" time="26.717" classname="com.testCases.Join201_TestCases"/>
  <system-out/>
</testsuite> <!-- com.testCases.Join201_TestCases -->
