<?xml version="1.0" encoding="UTF-8"?>
<!-- Generated by org.testng.reporters.JUnitReportReporter -->
<testsuite skipped="0" hostname="LAPTOP-FET714UI" name="com.testCases.JoinPointsCash_TestCases" tests="1" failures="0" timestamp="2021-07-26T15:51:13 IST" time="24.816" errors="0">
  <testcase name="JoinPointsCash" time="24.816" classname="com.testCases.JoinPointsCash_TestCases"/>
  <system-out/>
</testsuite> <!-- com.testCases.JoinPointsCash_TestCases -->
