<?xml version="1.0" encoding="UTF-8"?>
<!-- Generated by org.testng.reporters.JUnitReportReporter -->
<testsuite skipped="0" hostname="LAPTOP-FET714UI" name="com.Practice.windowHandles" tests="1" failures="0" timestamp="2021-04-27T16:56:28 IST" time="1.955" errors="0">
  <testcase name="f" time="1.955" classname="com.Practice.windowHandles"/>
  <system-out/>
</testsuite> <!-- com.Practice.windowHandles -->
