<?xml version="1.0" encoding="UTF-8"?>
<!-- Generated by org.testng.reporters.JUnitReportReporter -->
<testsuite skipped="0" hostname="LAPTOP-FET714UI" name="com.Practice.webTables" tests="1" failures="0" timestamp="2021-06-29T07:44:10 IST" time="5.762" errors="0">
  <testcase name="f" time="5.762" classname="com.Practice.webTables"/>
  <system-out/>
</testsuite> <!-- com.Practice.webTables -->
