<?xml version="1.0" encoding="UTF-8"?>
<!-- Generated by org.testng.reporters.JUnitReportReporter -->
<testsuite skipped="0" hostname="LAPTOP-FET714UI" name="com.testCases.changePassword_TestCases" tests="1" failures="0" timestamp="2021-04-22T17:59:10 IST" time="12.505" errors="0">
  <testcase name="ChangePassword" time="12.505" classname="com.testCases.changePassword_TestCases"/>
  <system-out/>
</testsuite> <!-- com.testCases.changePassword_TestCases -->
