<?xml version="1.0" encoding="UTF-8"?>
<!-- Generated by org.testng.reporters.JUnitReportReporter -->
<testsuite skipped="2" hostname="LAPTOP-FET714UI" name="com.Practice.testNGskip" tests="3" failures="0" timestamp="2021-08-11T09:09:32 IST" time="19.794" errors="0">
  <testcase name="f3" time="19.782" classname="com.Practice.testNGskip"/>
  <system-out/>
  <testcase name="f2" time="0.012" classname="com.Practice.testNGskip">
    <skipped/>
  </testcase> <!-- f2 -->
  <system-out/>
  <testcase name="f" classname="com.Practice.testNGskip">
    <skipped/>
  </testcase> <!-- f -->
  <system-out/>
</testsuite> <!-- com.Practice.testNGskip -->
