<?xml version="1.0" encoding="UTF-8"?>
<!-- Generated by org.testng.reporters.JUnitReportReporter -->
<testsuite skipped="0" hostname="LAPTOP-FET714UI" name="com.testCases.panCard_TestCases" tests="1" failures="0" timestamp="2021-05-13T08:22:20 IST" time="3.289" errors="0">
  <testcase name="f" time="3.289" classname="com.testCases.panCard_TestCases"/>
  <system-out/>
</testsuite> <!-- com.testCases.panCard_TestCases -->
