<?xml version="1.0" encoding="UTF-8"?>
<!-- Generated by org.testng.reporters.JUnitReportReporter -->
<testsuite skipped="0" hostname="LAPTOP-FET714UI" name="com.testCases.Join101_TestCases2" tests="1" failures="0" timestamp="2021-07-16T15:04:32 IST" time="24.149" errors="0">
  <testcase name="test" time="24.149" classname="com.testCases.Join101_TestCases2"/>
  <system-out/>
</testsuite> <!-- com.testCases.Join101_TestCases2 -->
