<?xml version="1.0" encoding="UTF-8"?>
<!-- Generated by org.testng.reporters.JUnitReportReporter -->
<testsuite skipped="0" hostname="LAPTOP-FET714UI" name="com.streams.getPrice3" tests="1" failures="0" timestamp="2021-04-29T17:12:20 IST" time="13.663" errors="0">
  <testcase name="f" time="13.663" classname="com.streams.getPrice3"/>
  <system-out/>
</testsuite> <!-- com.streams.getPrice3 -->
