<?xml version="1.0" encoding="UTF-8"?>
<!-- Generated by org.testng.reporters.JUnitReportReporter -->
<testsuite skipped="0" hostname="LAPTOP-FET714UI" name="com.testCases.OneShot_TestCases" tests="1" failures="0" timestamp="2021-08-13T13:17:12 IST" time="29.959" errors="0">
  <testcase name="JoinOneShot" time="29.959" classname="com.testCases.OneShot_TestCases"/>
  <system-out/>
</testsuite> <!-- com.testCases.OneShot_TestCases -->
