<?xml version="1.0" encoding="UTF-8"?>
<!-- Generated by org.testng.reporters.JUnitReportReporter -->
<testsuite skipped="0" hostname="LAPTOP-FET714UI" name="com.testCases.changePassword_TestCases" tests="1" failures="0" timestamp="2021-05-13T08:13:17 IST" time="12.749" errors="0">
  <testcase name="ChangePassword" time="12.749" classname="com.testCases.changePassword_TestCases"/>
  <system-out/>
</testsuite> <!-- com.testCases.changePassword_TestCases -->
