<?xml version="1.0" encoding="UTF-8"?>
<!-- Generated by org.testng.reporters.JUnitReportReporter -->
<testsuite skipped="0" hostname="LAPTOP-FET714UI" name="com.Practice.webTables" tests="1" failures="0" timestamp="2021-06-25T15:05:19 IST" time="46.431" errors="0">
  <testcase name="f" time="46.431" classname="com.Practice.webTables"/>
  <system-out/>
</testsuite> <!-- com.Practice.webTables -->
