<?xml version="1.0" encoding="UTF-8"?>
<!-- Generated by org.testng.reporters.JUnitReportReporter -->
<testsuite skipped="0" hostname="LAPTOP-FET714UI" name="com.testCases.PracticeOneShot_TestCases" tests="1" failures="0" timestamp="2021-08-13T13:32:08 IST" time="27.707" errors="0">
  <testcase name="JoinOneShot" time="27.707" classname="com.testCases.PracticeOneShot_TestCases"/>
  <system-out/>
</testsuite> <!-- com.testCases.PracticeOneShot_TestCases -->
