<?xml version="1.0" encoding="UTF-8"?>
<!-- Generated by org.testng.reporters.JUnitReportReporter -->
<testsuite skipped="0" hostname="LAPTOP-FET714UI" name="com.testCases.Join101Cash_TestCases" tests="1" failures="0" timestamp="2021-07-26T16:16:42 IST" time="18.345" errors="0">
  <testcase name="Join101Cash" time="18.345" classname="com.testCases.Join101Cash_TestCases"/>
  <system-out/>
</testsuite> <!-- com.testCases.Join101Cash_TestCases -->
