<?xml version="1.0" encoding="UTF-8"?>
<!-- Generated by org.testng.reporters.JUnitReportReporter -->
<testsuite skipped="0" hostname="LAPTOP-FET714UI" name="com.Practice.collection.MapScenario" tests="1" failures="0" timestamp="2021-07-16T23:22:09 IST" time="0.170" errors="0">
  <testcase name="f" time="0.170" classname="com.Practice.collection.MapScenario"/>
  <system-out/>
</testsuite> <!-- com.Practice.collection.MapScenario -->
