<?xml version="1.0" encoding="UTF-8"?>
<!-- Generated by org.testng.reporters.JUnitReportReporter -->
<testsuite skipped="0" hostname="LAPTOP-FET714UI" name="com.streams.getPrice2" tests="1" failures="0" timestamp="2021-04-29T07:46:40 IST" time="6.750" errors="0">
  <testcase name="f" time="6.750" classname="com.streams.getPrice2"/>
  <system-out/>
</testsuite> <!-- com.streams.getPrice2 -->
