<?xml version="1.0" encoding="UTF-8"?>
<!-- Generated by org.testng.reporters.JUnitReportReporter -->
<testsuite skipped="0" hostname="LAPTOP-FET714UI" name="com.Practice.screenshotDemo" tests="1" failures="0" timestamp="2021-05-21T08:55:32 IST" time="4.047" errors="0">
  <testcase name="f" time="4.047" classname="com.Practice.screenshotDemo"/>
  <system-out/>
</testsuite> <!-- com.Practice.screenshotDemo -->
