<?xml version="1.0" encoding="UTF-8"?>
<!-- Generated by org.testng.reporters.JUnitReportReporter -->
<testsuite skipped="0" hostname="LAPTOP-FET714UI" name="com.DB.practice" tests="1" failures="0" timestamp="2021-06-24T13:32:39 IST" time="1.253" errors="0">
  <testcase name="f" time="1.253" classname="com.DB.practice"/>
  <system-out/>
</testsuite> <!-- com.DB.practice -->
