<?xml version="1.0" encoding="UTF-8"?>
<!-- Generated by org.testng.reporters.JUnitReportReporter -->
<testsuite skipped="0" hostname="LAPTOP-FET714UI" name="com.testCases.multipleLogin_TestCases2" tests="3" failures="0" timestamp="2021-06-28T00:14:00 IST" time="47.499" errors="0">
  <testcase name="MultiLoginAction" time="19.150" classname="com.testCases.multipleLogin_TestCases2"/>
  <system-out/>
  <testcase name="MultiLoginAction" time="12.375" classname="com.testCases.multipleLogin_TestCases2"/>
  <system-out/>
  <testcase name="MultiLoginAction" time="15.974" classname="com.testCases.multipleLogin_TestCases2"/>
  <system-out/>
</testsuite> <!-- com.testCases.multipleLogin_TestCases2 -->
