<?xml version="1.0" encoding="UTF-8"?>
<!-- Generated by org.testng.reporters.JUnitReportReporter -->
<testsuite skipped="0" hostname="LAPTOP-FET714UI" name="com.streams.arrayList" tests="1" failures="0" timestamp="2021-06-25T10:00:42 IST" time="0.017" errors="0">
  <testcase name="streamCollect" time="0.017" classname="com.streams.arrayList"/>
  <system-out/>
</testsuite> <!-- com.streams.arrayList -->
