<?xml version="1.0" encoding="UTF-8"?>
<!-- Generated by org.testng.reporters.JUnitReportReporter -->
<testsuite skipped="0" hostname="LAPTOP-FET714UI" name="com.testCases.login_TestCases" tests="1" failures="0" timestamp="2021-08-12T09:13:27 IST" time="29.870" errors="0">
  <testcase name="Login" time="29.870" classname="com.testCases.login_TestCases"/>
  <system-out>
RummyBaazi Site Opens  </system-out>
</testsuite> <!-- com.testCases.login_TestCases -->
