<?xml version="1.0" encoding="UTF-8"?>
<!-- Generated by org.testng.reporters.JUnitReportReporter -->
<testsuite skipped="0" hostname="LAPTOP-FET714UI" name="com.Practice.screenshots.screenshotDemo" tests="1" failures="0" timestamp="2021-05-21T08:49:24 IST" time="3.674" errors="0">
  <testcase name="f" time="3.674" classname="com.Practice.screenshots.screenshotDemo"/>
  <system-out/>
</testsuite> <!-- com.Practice.screenshots.screenshotDemo -->
