<?xml version="1.0" encoding="UTF-8"?>
<!-- Generated by org.testng.reporters.JUnitReportReporter -->
<testsuite skipped="0" hostname="LAPTOP-FET714UI" name="com.streams.arrayList" tests="1" failures="0" timestamp="2021-04-27T19:32:48 IST" time="0.018" errors="0">
  <testcase name="streamCollect" time="0.018" classname="com.streams.arrayList"/>
  <system-out/>
</testsuite> <!-- com.streams.arrayList -->
