<?xml version="1.0" encoding="UTF-8"?>
<!-- Generated by org.testng.reporters.JUnitReportReporter -->
<testsuite skipped="0" hostname="LAPTOP-FET714UI" name="com.testCases.login_TestCases" tests="1" failures="0" timestamp="2021-04-22T17:59:10 IST" time="22.430" errors="0">
  <testcase name="Login" time="22.430" classname="com.testCases.login_TestCases"/>
  <system-out>
RummyBaazi Site Opens  </system-out>
</testsuite> <!-- com.testCases.login_TestCases -->
