<?xml version="1.0" encoding="UTF-8"?>
<!-- Generated by org.testng.reporters.JUnitReportReporter -->
<testsuite skipped="0" hostname="LAPTOP-FET714UI" name="com.Practice.WebTables2" tests="1" failures="0" timestamp="2021-06-28T21:39:24 IST" time="1.486" errors="0">
  <testcase name="f1" time="1.486" classname="com.Practice.WebTables2"/>
  <system-out/>
</testsuite> <!-- com.Practice.WebTables2 -->
