<?xml version="1.0" encoding="UTF-8"?>
<!-- Generated by org.testng.reporters.JUnitReportReporter -->
<testsuite skipped="0" hostname="LAPTOP-FET714UI" name="testCases.login_TestCases" tests="1" failures="0" timestamp="2021-04-20T19:13:42 IST" time="12.347" errors="0">
  <testcase name="Login" time="12.347" classname="testCases.login_TestCases"/>
  <system-out>
RummyBaazi Site Opens  </system-out>
</testsuite> <!-- testCases.login_TestCases -->
