<?xml version="1.0" encoding="UTF-8"?>
<!-- Generated by org.testng.reporters.JUnitReportReporter -->
<testsuite skipped="0" hostname="LAPTOP-FET714UI" name="com.Practice.datadriven.testSample" tests="1" failures="0" timestamp="2021-05-22T20:37:31 IST" time="0.924" errors="0">
  <testcase name="f" time="0.924" classname="com.Practice.datadriven.testSample"/>
  <system-out/>
</testsuite> <!-- com.Practice.datadriven.testSample -->
