<?xml version="1.0" encoding="UTF-8"?>
<!-- Generated by org.testng.reporters.JUnitReportReporter -->
<testsuite skipped="0" hostname="LAPTOP-FET714UI" name="com.streams.streamSort" tests="1" failures="0" timestamp="2021-04-28T12:23:04 IST" time="7.923" errors="0">
  <testcase name="f" time="7.923" classname="com.streams.streamSort"/>
  <system-out/>
</testsuite> <!-- com.streams.streamSort -->
