<?xml version="1.0" encoding="UTF-8"?>
<!-- Generated by org.testng.reporters.JUnitReportReporter -->
<testsuite skipped="0" hostname="LAPTOP-FET714UI" name="com.testCases.deposite_TestCases" tests="1" failures="0" timestamp="2021-08-12T09:13:27 IST" time="13.359" errors="0">
  <testcase name="Deposit" time="13.359" classname="com.testCases.deposite_TestCases"/>
  <system-out/>
</testsuite> <!-- com.testCases.deposite_TestCases -->
