<?xml version="1.0" encoding="UTF-8"?>
<!-- Generated by org.testng.reporters.JUnitReportReporter -->
<testsuite skipped="0" hostname="LAPTOP-FET714UI" name="com.Practice.screenshotDemo" tests="1" failures="0" timestamp="2021-04-23T13:41:38 IST" time="3.257" errors="0">
  <testcase name="f" time="3.257" classname="com.Practice.screenshotDemo"/>
  <system-out/>
</testsuite> <!-- com.Practice.screenshotDemo -->
