<?xml version="1.0" encoding="UTF-8"?>
<!-- Generated by org.testng.reporters.JUnitReportReporter -->
<testsuite skipped="0" hostname="LAPTOP-FET714UI" name="com.testCases.JoinTournament_TestCases" tests="1" failures="0" timestamp="2021-07-16T18:10:25 IST" time="10.437" errors="0">
  <testcase name="test" time="10.437" classname="com.testCases.JoinTournament_TestCases"/>
  <system-out/>
</testsuite> <!-- com.testCases.JoinTournament_TestCases -->
