<?xml version="1.0" encoding="UTF-8"?>
<!-- Generated by org.testng.reporters.JUnitReportReporter -->
<testsuite skipped="0" hostname="LAPTOP-FET714UI" name="com.testCases.deposite_TestCases" tests="1" failures="0" timestamp="2021-05-27T14:56:33 IST" time="9.863" errors="0">
  <testcase name="Deposit" time="9.863" classname="com.testCases.deposite_TestCases"/>
  <system-out/>
</testsuite> <!-- com.testCases.deposite_TestCases -->
