<?xml version="1.0" encoding="UTF-8"?>
<!-- Generated by org.testng.reporters.JUnitReportReporter -->
<testsuite skipped="0" hostname="LAPTOP-FET714UI" name="com.Practice.brokenLinks" tests="2" failures="0" timestamp="2021-05-12T12:01:24 IST" time="16.897" errors="0">
  <testcase name="f" time="1.077" classname="com.Practice.brokenLinks"/>
  <system-out/>
  <testcase name="f1" time="15.820" classname="com.Practice.brokenLinks"/>
  <system-out/>
</testsuite> <!-- com.Practice.brokenLinks -->
