<?xml version="1.0" encoding="UTF-8"?>
<!-- Generated by org.testng.reporters.JUnitReportReporter -->
<testsuite skipped="0" hostname="LAPTOP-FET714UI" name="com.testCases.deposite_TestCases" tests="1" failures="0" timestamp="2021-06-23T09:45:09 IST" time="7.636" errors="0">
  <testcase name="Deposit" time="7.636" classname="com.testCases.deposite_TestCases"/>
  <system-out/>
</testsuite> <!-- com.testCases.deposite_TestCases -->
