<?xml version="1.0" encoding="UTF-8"?>
<!-- Generated by org.testng.reporters.JUnitReportReporter -->
<testsuite skipped="0" hostname="LAPTOP-FET714UI" name="com.testCases.profile_TestCases" tests="1" failures="0" timestamp="2021-06-23T09:45:09 IST" time="7.679" errors="0">
  <testcase name="Profile" time="7.679" classname="com.testCases.profile_TestCases"/>
  <system-out/>
</testsuite> <!-- com.testCases.profile_TestCases -->
