<?xml version="1.0" encoding="UTF-8"?>
<!-- Generated by org.testng.reporters.JUnitReportReporter -->
<testsuite skipped="0" hostname="LAPTOP-FET714UI" name="com.testCases.profile_TestCases" tests="1" failures="0" timestamp="2021-04-24T16:06:36 IST" time="5.401" errors="0">
  <testcase name="Profile" time="5.401" classname="com.testCases.profile_TestCases"/>
  <system-out/>
</testsuite> <!-- com.testCases.profile_TestCases -->
