<?xml version="1.0" encoding="UTF-8"?>
<!-- Generated by org.testng.reporters.JUnitReportReporter -->
<testsuite skipped="0" hostname="LAPTOP-FET714UI" name="com.Practice.SSLCertDemo" tests="1" failures="0" timestamp="2021-04-23T13:11:02 IST" time="3.046" errors="0">
  <testcase name="f" time="3.046" classname="com.Practice.SSLCertDemo"/>
  <system-out/>
</testsuite> <!-- com.Practice.SSLCertDemo -->
