<?xml version="1.0" encoding="UTF-8"?>
<!-- Generated by org.testng.reporters.JUnitReportReporter -->
<testsuite skipped="0" hostname="LAPTOP-FET714UI" name="testCases.changePassword_TestCases" tests="1" failures="0" timestamp="2021-04-21T15:25:02 IST" time="8.818" errors="0">
  <testcase name="ChangePassword" time="8.818" classname="testCases.changePassword_TestCases"/>
  <system-out/>
</testsuite> <!-- testCases.changePassword_TestCases -->
