<?xml version="1.0" encoding="UTF-8"?>
<!-- Generated by org.testng.reporters.JUnitReportReporter -->
<testsuite skipped="0" hostname="LAPTOP-FET714UI" name="com.testCases.KYC_TestCases" tests="1" failures="0" timestamp="2021-05-27T15:13:32 IST" time="16.740" errors="0">
  <testcase name="f" time="16.740" classname="com.testCases.KYC_TestCases"/>
  <system-out/>
</testsuite> <!-- com.testCases.KYC_TestCases -->
