<?xml version="1.0" encoding="UTF-8"?>
<!-- Generated by org.testng.reporters.JUnitReportReporter -->
<testsuite skipped="0" hostname="LAPTOP-FET714UI" name="com.Practice2.Streams" tests="1" failures="0" timestamp="2021-07-16T23:40:37 IST" time="0.014" errors="0">
  <testcase name="f6" time="0.014" classname="com.Practice2.Streams"/>
  <system-out/>
</testsuite> <!-- com.Practice2.Streams -->
