<?xml version="1.0" encoding="UTF-8"?>
<!-- Generated by org.testng.reporters.JUnitReportReporter -->
<testsuite skipped="0" hostname="LAPTOP-FET714UI" name="com.testCases.PracticeBO2_TestCases2" tests="1" failures="0" timestamp="2021-08-13T13:39:18 IST" time="22.211" errors="0">
  <testcase name="JoinBO2" time="22.211" classname="com.testCases.PracticeBO2_TestCases2"/>
  <system-out/>
</testsuite> <!-- com.testCases.PracticeBO2_TestCases2 -->
