<?xml version="1.0" encoding="UTF-8"?>
<!-- Generated by org.testng.reporters.JUnitReportReporter -->
<testsuite skipped="0" hostname="LAPTOP-FET714UI" name="com.testCases.gameLobby_TestCases" tests="1" failures="0" timestamp="2021-05-17T19:03:23 IST" time="21.622" errors="0">
  <testcase name="test" time="21.622" classname="com.testCases.gameLobby_TestCases"/>
  <system-out/>
</testsuite> <!-- com.testCases.gameLobby_TestCases -->
