<?xml version="1.0" encoding="UTF-8"?>
<!-- Generated by org.testng.reporters.JUnitReportReporter -->
<testsuite skipped="0" hostname="LAPTOP-FET714UI" name="com.Practice2.Streams" tests="1" failures="0" timestamp="2021-06-25T22:43:08 IST" time="8.872" errors="0">
  <testcase name="f5" time="8.872" classname="com.Practice2.Streams"/>
  <system-out/>
</testsuite> <!-- com.Practice2.Streams -->
