<?xml version="1.0" encoding="UTF-8"?>
<!-- Generated by org.testng.reporters.JUnitReportReporter -->
<testsuite skipped="0" hostname="LAPTOP-FET714UI" name="com.testCases.JoinTournament_TestCases" tests="1" failures="0" timestamp="2021-06-21T19:22:47 IST" time="23.609" errors="0">
  <testcase name="test" time="23.609" classname="com.testCases.JoinTournament_TestCases"/>
  <system-out/>
</testsuite> <!-- com.testCases.JoinTournament_TestCases -->
